
*************************************************************
 Geant4 version Name: geant4-10-02-patch-01    (26-February-2016)
                      Copyright : Geant4 Collaboration
                      Reference : NIM A 506 (2003), 250-303
                            WWW : http://cern.ch/geant4
*************************************************************

PhysicsList::AddPhysicsList: <standard_opt3>
THE FOLLOWING ELECTROMAGNETIC PHYSICS LIST HAS BEEN ACTIVATED: G4EmStandardPhysics_option3
### NIST DataBase for Materials is used
G4NistMaterialBuilder::FindOrBuildMaterial G4_Galactic
G4NistMaterialBuilder: BuildMaterial #286
New material nComponents= 1
G4NistElementBuilder: Build Element <H>  Z= 1  Aeff= 1.00794  with natural isotope composition
G4Material: Mean excitation energy is changed for G4_Galactic Iold= 19.2eV; Inew= 21.8 eV;
G4NistMaterialBuilder::FindOrBuildMaterial G4_AIR
G4NistMaterialBuilder: BuildMaterial #103
New material nComponents= 4
G4NistElementBuilder: Build Element <C>  Z= 6  Aeff= 12.0107  with natural isotope composition
G4NistElementBuilder: Build Element <N>  Z= 7  Aeff= 14.0068  with natural isotope composition
G4NistElementBuilder: Build Element <O>  Z= 8  Aeff= 15.9994  with natural isotope composition
G4NistElementBuilder: Build Element <Ar>  Z= 18  Aeff= 39.9477  with natural isotope composition
G4Material: Mean excitation energy is changed for G4_AIR Iold= 85.6689eV; Inew= 85.7 eV;
G4NistMaterialBuilder::FindOrBuildMaterial PMMA
G4NistMaterialBuilder::FindOrBuildMaterial WARNING: material <PMMA> is not found out
New material PMMA is prepeared;  nMaterials= 317 nComponents= 816 nCurrent= 3
G4NistMaterialBuilder: BuildMaterial #316
New material nComponents= 3
G4NistMaterialBuilder::FindOrBuildMaterial Pethylene
G4NistMaterialBuilder::FindOrBuildMaterial WARNING: material <Pethylene> is not found out
New material Pethylene is prepeared;  nMaterials= 318 nComponents= 819 nCurrent= 2
G4NistMaterialBuilder: BuildMaterial #317
New material nComponents= 2
G4NistMaterialBuilder::FindOrBuildMaterial FPethylene
G4NistMaterialBuilder::FindOrBuildMaterial WARNING: material <FPethylene> is not found out
New material FPethylene is prepeared;  nMaterials= 319 nComponents= 821 nCurrent= 2
G4NistMaterialBuilder: BuildMaterial #318
New material nComponents= 2
G4NistMaterialBuilder::FindOrBuildMaterial Polystyrene
G4NistMaterialBuilder::FindOrBuildMaterial WARNING: material <Polystyrene> is not found out
New material Polystyrene is prepeared;  nMaterials= 320 nComponents= 823 nCurrent= 2
G4NistMaterialBuilder: BuildMaterial #319
New material nComponents= 2
G4NistMaterialBuilder::FindOrBuildMaterial Silicone
G4NistMaterialBuilder::FindOrBuildMaterial WARNING: material <Silicone> is not found out
New material Silicone is prepeared;  nMaterials= 321 nComponents= 825 nCurrent= 2
G4NistMaterialBuilder: BuildMaterial #320
New material nComponents= 2
G4NistMaterialBuilder::FindOrBuildMaterial G4_Al
G4NistMaterialBuilder: BuildMaterial #12
New material nComponents= 1
G4NistElementBuilder: Build Element <Al>  Z= 13  Aeff= 26.9815  with natural isotope composition
G4Material: Mean excitation energy is changed for G4_Al Iold= 166eV; Inew= 166 eV;
G4NistMaterialBuilder::FindOrBuildMaterial TiO2
G4NistMaterialBuilder::FindOrBuildMaterial WARNING: material <TiO2> is not found out
New material TiO2 is prepeared;  nMaterials= 322 nComponents= 827 nCurrent= 2
G4NistMaterialBuilder: BuildMaterial #321
New material nComponents= 2
G4NistElementBuilder: Build Element <Ti>  Z= 22  Aeff= 47.8667  with natural isotope composition
G4NistMaterialBuilder::FindOrBuildMaterial Mylar
G4NistMaterialBuilder::FindOrBuildMaterial WARNING: material <Mylar> is not found out
New material Mylar is prepeared;  nMaterials= 323 nComponents= 829 nCurrent= 3
G4NistMaterialBuilder: BuildMaterial #322
New material nComponents= 3
Here I am ... rock me like a hurricane! G4_Al
Here I am ... rock me like a hurricane! G4_Al
Here I am ... rock me like a hurricane! G4_Al
Here I am ... rock me like a hurricane! G4_Al
Here I am ... rock me like a hurricane! G4_Al
Here I am ... rock me like a hurricane! Pethylene
Here I am ... rock me like a hurricane! PMMA
### G4EmConfigurator::AddModels n= 0
 AddDiscreteProcess to OpticalPhoton 
PhysicsList::SetCuts:CutLength : 100 um 
Error in <TFile::TFile>: file /home/thawk/CDetOptical/batch/data/AnaBarMC_Gen_.root does not exist
PrimaryGeneratorAction::SetUpRootInput(TString filename) - Didn't find ntuple h1

 *** Break *** segmentation violation



===========================================================
There was a crash.
This is the entire stack trace of all threads:
===========================================================
#0  0x00007fccca8dcbbc in waitpid () from /lib64/libc.so.6
#1  0x00007fccca85aea2 in do_system () from /lib64/libc.so.6
#2  0x00007fcccf2d8314 in TUnixSystem::StackTrace() () from /usr/lib64/root/libCore.so.6.18
#3  0x00007fcccf2da15c in TUnixSystem::DispatchSignals(ESignals) () from /usr/lib64/root/libCore.so.6.18
#4  <signal handler called>
#5  0x00007fccd6945cff in PrimaryGeneratorAction::SetUpROOTInput(TString) () from /home/thawk/geant4/tmp/Linux-g++/AnaBarMC/libAnaBarMC.so
#6  0x00007fccd6946842 in PrimaryGeneratorMessenger::SetNewValue(G4UIcommand*, G4String) () from /home/thawk/geant4/tmp/Linux-g++/AnaBarMC/libAnaBarMC.so
#7  0x00007fccd08f19a2 in G4UIcommand::DoIt (this=this
entry=0x2320950, parameterList=...) at /home/brash/g4install/geant4.10.02.p01/source/intercoms/src/G4UIcommand.cc:230
#8  0x00007fccd0909fbd in G4UImanager::ApplyCommand (this=0x1f53610, aCmd=<optimized out>) at /home/brash/g4install/geant4.10.02.p01/source/intercoms/src/G4UImanager.cc:523
#9  0x00007fccd090aba8 in G4UImanager::ApplyCommand (this=<optimized out>, aCmd=...) at /home/brash/g4install/geant4.10.02.p01/source/intercoms/src/G4UImanager.cc:441
#10 0x00007fccd08e1707 in G4UIbatch::ExecCommand (this=this
entry=0x233b040, command=...) at /home/brash/g4install/geant4.10.02.p01/source/intercoms/src/G4UIbatch.cc:170
#11 0x00007fccd08e2db3 in G4UIbatch::SessionStart (this=0x233b040) at /home/brash/g4install/geant4.10.02.p01/source/intercoms/src/G4UIbatch.cc:215
#12 0x00007fccd0904193 in G4UImanager::ExecuteMacroFile (this=this
entry=0x1f53610, fileName=0x233b008 "/home/thawk/CDetOptical/batch/AnaBarMC_.mac") at /home/brash/g4install/geant4.10.02.p01/source/intercoms/src/G4UImanager.cc:296
#13 0x00007fccd08fb12c in G4UIcontrolMessenger::SetNewValue (this=0x1f53a20, command=command
entry=0x1f54120, newValue=...) at /home/brash/g4install/geant4.10.02.p01/source/intercoms/src/G4UIcontrolMessenger.cc:313
#14 0x00007fccd08f19a2 in G4UIcommand::DoIt (this=this
entry=0x1f54120, parameterList=...) at /home/brash/g4install/geant4.10.02.p01/source/intercoms/src/G4UIcommand.cc:230
#15 0x00007fccd0909fbd in G4UImanager::ApplyCommand (this=0x1f53610, aCmd=<optimized out>) at /home/brash/g4install/geant4.10.02.p01/source/intercoms/src/G4UImanager.cc:523
#16 0x000000000040301b in main ()
===========================================================


The lines below might hint at the cause of the crash.
You may get help by asking at the ROOT forum http://root.cern.ch/forum
Only if you are really convinced it is a bug in ROOT then please submit a
report at http://root.cern.ch/bugs Please post the ENTIRE stack trace
from above as an attachment in addition to anything else
that might help us fixing this issue.
===========================================================
#5  0x00007fccd6945cff in PrimaryGeneratorAction::SetUpROOTInput(TString) () from /home/thawk/geant4/tmp/Linux-g++/AnaBarMC/libAnaBarMC.so
#6  0x00007fccd6946842 in PrimaryGeneratorMessenger::SetNewValue(G4UIcommand*, G4String) () from /home/thawk/geant4/tmp/Linux-g++/AnaBarMC/libAnaBarMC.so
#7  0x00007fccd08f19a2 in G4UIcommand::DoIt (this=this
entry=0x2320950, parameterList=...) at /home/brash/g4install/geant4.10.02.p01/source/intercoms/src/G4UIcommand.cc:230
#8  0x00007fccd0909fbd in G4UImanager::ApplyCommand (this=0x1f53610, aCmd=<optimized out>) at /home/brash/g4install/geant4.10.02.p01/source/intercoms/src/G4UImanager.cc:523
#9  0x00007fccd090aba8 in G4UImanager::ApplyCommand (this=<optimized out>, aCmd=...) at /home/brash/g4install/geant4.10.02.p01/source/intercoms/src/G4UImanager.cc:441
#10 0x00007fccd08e1707 in G4UIbatch::ExecCommand (this=this
entry=0x233b040, command=...) at /home/brash/g4install/geant4.10.02.p01/source/intercoms/src/G4UIbatch.cc:170
#11 0x00007fccd08e2db3 in G4UIbatch::SessionStart (this=0x233b040) at /home/brash/g4install/geant4.10.02.p01/source/intercoms/src/G4UIbatch.cc:215
#12 0x00007fccd0904193 in G4UImanager::ExecuteMacroFile (this=this
entry=0x1f53610, fileName=0x233b008 "/home/thawk/CDetOptical/batch/AnaBarMC_.mac") at /home/brash/g4install/geant4.10.02.p01/source/intercoms/src/G4UImanager.cc:296
#13 0x00007fccd08fb12c in G4UIcontrolMessenger::SetNewValue (this=0x1f53a20, command=command
entry=0x1f54120, newValue=...) at /home/brash/g4install/geant4.10.02.p01/source/intercoms/src/G4UIcontrolMessenger.cc:313
#14 0x00007fccd08f19a2 in G4UIcommand::DoIt (this=this
entry=0x1f54120, parameterList=...) at /home/brash/g4install/geant4.10.02.p01/source/intercoms/src/G4UIcommand.cc:230
#15 0x00007fccd0909fbd in G4UImanager::ApplyCommand (this=0x1f53610, aCmd=<optimized out>) at /home/brash/g4install/geant4.10.02.p01/source/intercoms/src/G4UImanager.cc:523
#16 0x000000000040301b in main ()
===========================================================


